2014-03-25 08:49:46.977 WeAppToMoved[6791:70b] Multi-tasking -> Device: YES, App: YES
2014-03-25 08:49:46.998 WeAppToMoved[6791:70b] Unlimited access to network resources
2014-03-25 08:49:47.182 WeAppToMoved[6791:70b] WARNING: The splashscreen image named Default-Portrait was not found
2014-03-25 08:49:47.183 WeAppToMoved[6791:70b] [CDVTimer][splashscreen] 48.837960ms
2014-03-25 08:49:47.183 WeAppToMoved[6791:70b] [CDVTimer][TotalPluginStartup] 49.237013ms
2014-03-25 08:49:47.184 WeAppToMoved[6791:70b] WARNING: The splashscreen image named Default-Portrait was not found
2014-03-25 08:49:47.190 WeAppToMoved[6791:70b] WARNING: The splashscreen image named Default-Portrait was not found
2014-03-25 08:49:47.192 WeAppToMoved[6791:70b] WARNING: The splashscreen image named Default-Portrait was not found
2014-03-25 08:49:47.286 WeAppToMoved[6791:70b] Resetting plugins due to page load.
2014-03-25 08:49:47.312 WeAppToMoved[6791:70b] Finished load of: file:///Users/maartenbressinck/Library/Application%20Support/iPhone%20Simulator/7.1/Applications/0FA02E03-AB3F-4D26-9EA6-1E19AC92745C/WeAppToMoved.app/www/index.html
2014-03-25 08:49:47.314 WeAppToMoved[6791:70b] Resetting plugins due to page load.
2014-03-25 08:49:47.756 WeAppToMoved[6791:70b] Finished load of: file:///Users/maartenbressinck/Library/Application%20Support/iPhone%20Simulator/7.1/Applications/0FA02E03-AB3F-4D26-9EA6-1E19AC92745C/WeAppToMoved.app/www/main.html
2014-03-25 08:59:47.721 WeAppToMoved[9776:70b] Multi-tasking -> Device: YES, App: YES
2014-03-25 08:59:47.727 WeAppToMoved[9776:70b] Unlimited access to network resources
2014-03-25 08:59:47.749 WeAppToMoved[9776:70b] WARNING: The splashscreen image named Default-Portrait was not found
2014-03-25 08:59:47.750 WeAppToMoved[9776:70b] [CDVTimer][splashscreen] 7.155001ms
2014-03-25 08:59:47.750 WeAppToMoved[9776:70b] [CDVTimer][TotalPluginStartup] 7.569015ms
2014-03-25 08:59:47.751 WeAppToMoved[9776:70b] WARNING: The splashscreen image named Default-Portrait was not found
2014-03-25 08:59:47.753 WeAppToMoved[9776:70b] WARNING: The splashscreen image named Default-Portrait was not found
2014-03-25 08:59:47.754 WeAppToMoved[9776:70b] WARNING: The splashscreen image named Default-Portrait was not found
2014-03-25 08:59:47.780 WeAppToMoved[9776:70b] Resetting plugins due to page load.
2014-03-25 08:59:47.796 WeAppToMoved[9776:70b] Finished load of: file:///Users/maartenbressinck/Library/Application%20Support/iPhone%20Simulator/7.1/Applications/0FA02E03-AB3F-4D26-9EA6-1E19AC92745C/WeAppToMoved.app/www/index.html
2014-03-25 08:59:47.797 WeAppToMoved[9776:70b] Resetting plugins due to page load.
2014-03-25 08:59:48.232 WeAppToMoved[9776:70b] Finished load of: file:///Users/maartenbressinck/Library/Application%20Support/iPhone%20Simulator/7.1/Applications/0FA02E03-AB3F-4D26-9EA6-1E19AC92745C/WeAppToMoved.app/www/main.html
2014-03-25 13:36:45.362 WeAppToMoved[14685:70b] Multi-tasking -> Device: YES, App: YES
2014-03-25 13:36:45.387 WeAppToMoved[14685:70b] Unlimited access to network resources
2014-03-25 13:36:45.506 WeAppToMoved[14685:70b] WARNING: The splashscreen image named Default-Portrait was not found
2014-03-25 13:36:45.507 WeAppToMoved[14685:70b] [CDVTimer][splashscreen] 57.663977ms
2014-03-25 13:36:45.507 WeAppToMoved[14685:70b] [CDVTimer][TotalPluginStartup] 58.139980ms
2014-03-25 13:36:45.508 WeAppToMoved[14685:70b] WARNING: The splashscreen image named Default-Portrait was not found
2014-03-25 13:36:45.514 WeAppToMoved[14685:70b] WARNING: The splashscreen image named Default-Portrait was not found
2014-03-25 13:36:45.515 WeAppToMoved[14685:70b] WARNING: The splashscreen image named Default-Portrait was not found
2014-03-25 13:36:45.688 WeAppToMoved[14685:70b] Resetting plugins due to page load.
2014-03-25 13:36:45.708 WeAppToMoved[14685:70b] Finished load of: file:///Users/maartenbressinck/Library/Application%20Support/iPhone%20Simulator/7.1/Applications/0FA02E03-AB3F-4D26-9EA6-1E19AC92745C/WeAppToMoved.app/www/index.html
2014-03-25 13:36:45.710 WeAppToMoved[14685:70b] Resetting plugins due to page load.
2014-03-25 13:36:46.051 WeAppToMoved[14685:70b] Finished load of: file:///Users/maartenbressinck/Library/Application%20Support/iPhone%20Simulator/7.1/Applications/0FA02E03-AB3F-4D26-9EA6-1E19AC92745C/WeAppToMoved.app/www/main.html
2014-03-25 13:36:55.770 WeAppToMoved[14685:70b] CDVPlugin class FacebookConnectPlugin (pluginName: org.apache.cordova.facebook.Connect) does not exist.
2014-03-25 13:36:55.770 WeAppToMoved[14685:70b] ERROR: Plugin 'org.apache.cordova.facebook.Connect' not found, or is not a CDVPlugin. Check your plugin mapping in config.xml.
2014-03-25 13:36:55.770 WeAppToMoved[14685:70b] -[CDVCommandQueue executePending] [Line 158] FAILED pluginJSON = [
  "org.apache.cordova.facebook.Connect1693386958",
  "org.apache.cordova.facebook.Connect",
  "init",
  [
    "595730207182331"
  ]
]
2014-03-25 13:36:55.770 WeAppToMoved[14685:70b] CDVPlugin class FacebookConnectPlugin (pluginName: org.apache.cordova.facebook.Connect) does not exist.
2014-03-25 13:36:55.771 WeAppToMoved[14685:70b] ERROR: Plugin 'org.apache.cordova.facebook.Connect' not found, or is not a CDVPlugin. Check your plugin mapping in config.xml.
2014-03-25 13:36:55.771 WeAppToMoved[14685:70b] -[CDVCommandQueue executePending] [Line 158] FAILED pluginJSON = [
  "org.apache.cordova.facebook.Connect1693386959",
  "org.apache.cordova.facebook.Connect",
  "getLoginStatus",
  [

  ]
]
